<?xml version="1.0" encoding="UTF-8"?>
<!-- Generated by org.testng.reporters.JUnitReportReporter -->
<testsuite hostname="thundera" failures="0" tests="5" name="EndpointsBasicos" time="5.517" errors="0" timestamp="2023-09-26T21:10:56 BRT" skipped="0">
  <testcase classname="EndpointsBasicos" name="CadastrarUsuario" time="1.068"/>
  <testcase classname="EndpointsBasicos" name="BuscarumUsuario" time="1.042"/>
  <testcase classname="EndpointsBasicos" name="AlterarUsuario" time="1.047"/>
  <testcase classname="EndpointsBasicos" name="DeletarUsuario" time="1.197"/>
  <testcase classname="EndpointsBasicos" name="BuscarUsuarios" time="1.163"/>
</testsuite> <!-- EndpointsBasicos -->
