<?xml version="1.0" encoding="UTF-8"?>
<!-- Generated by org.testng.reporters.JUnitReportReporter -->
<testsuite hostname="thundera" failures="0" tests="5" name="EndpointsBasicos" time="6.335" errors="0" timestamp="2023-09-26T19:50:42 BRT" skipped="0">
  <testcase classname="EndpointsBasicos" name="CadastrarUsuario" time="1.313"/>
  <testcase classname="EndpointsBasicos" name="BuscarumUsuario" time="1.186"/>
  <testcase classname="EndpointsBasicos" name="AlterarUsuario" time="1.019"/>
  <testcase classname="EndpointsBasicos" name="DeletarUsuario" time="1.315"/>
  <testcase classname="EndpointsBasicos" name="BuscarUsuarios" time="1.502"/>
</testsuite> <!-- EndpointsBasicos -->
