<?xml version="1.0" encoding="UTF-8"?>
<!-- Generated by org.testng.reporters.JUnitReportReporter -->
<testsuite hostname="thundera" failures="0" tests="6" name="TestsExamples" time="7.692" errors="0" timestamp="2023-09-26T14:42:44 BRT" skipped="0">
  <testcase classname="TestsExamples" name="GerarToken" time="2.326"/>
  <testcase classname="TestsExamples" name="CasdastrarUsuario" time="1.058"/>
  <testcase classname="TestsExamples" name="BuscarumUsuario" time="1.100"/>
  <testcase classname="TestsExamples" name="AlterarUsuario" time="0.996"/>
  <testcase classname="TestsExamples" name="DeletarUsuario" time="1.159"/>
  <testcase classname="TestsExamples" name="BuscarUsuarios" time="1.053"/>
</testsuite> <!-- TestsExamples -->
