<?xml version="1.0" encoding="UTF-8"?>
<!-- Generated by org.testng.reporters.JUnitReportReporter -->
<testsuite hostname="thundera" failures="0" tests="1" name="testando" time="0.006" errors="0" timestamp="2023-09-26T13:29:42 BRT" skipped="0">
  <testcase classname="testando" name="teste" time="0.006"/>
</testsuite> <!-- testando -->
